<?xml version="1.0" encoding="UTF-8"?>
<!-- Generated by org.testng.reporters.JUnitReportReporter -->
<testsuite hostname="TYSS-Shobha" failures="0" tests="1" name="Demo.SampleTest" time="0.009" errors="0" timestamp="2023-07-12T22:31:36 IST" skipped="0">
  <testcase classname="Demo.SampleTest" name="hiTest" time="0.009"/>
  <system-out/>
</testsuite> <!-- Demo.SampleTest -->
